<?xml version="1.0" encoding="UTF-8"?>
<testsuite xmlns:xsi="http://www.w3.org/2001/XMLSchema-instance" xsi:noNamespaceSchemaLocation="https://maven.apache.org/surefire/maven-surefire-plugin/xsd/surefire-test-report-3.0.xsd" version="3.0" name="com.example.controller.ChatControllerTest" time="8.512" tests="1" errors="0" skipped="0" failures="0">
  <properties>
[...]
</properties>
  <testcase name="testChatService" classname="com.example.controller.ChatControllerTest" time="5.666">
    <system-out><![CDATA[15:44:17.628 [main] INFO org.springframework.test.context.support.AnnotationConfigContextLoaderUtils -- Could not detect default configuration classes for test class [com.example.controller.ChatControllerTest]: ChatControllerTest does not declare any static, non-private, non-final, nested classes annotated with @Configuration.
15:44:17.751 [main] INFO org.springframework.boot.test.context.SpringBootTestContextBootstrapper -- Found @SpringBootConfiguration com.example.Application for test class com.example.controller.ChatControllerTest
2026-01-28 15:44:18 -  [DUBBO] 

 :: Dubbo (v3.2.9) : https://github.com/apache/dubbo
 :: Discuss group : dev@dubbo.apache.org
, dubbo version: 3.2.9, current host: 192.168.1.11

  .   ____          _            __ _ _
 /\\ / ___'_ __ _ _(_)_ __  __ _ \ \ \ \
( ( )\___ | '_ | '_| | '_ \/ _` | \ \ \ \
 \\/  ___)| |_)| | | | | || (_| |  ) ) ) )
  '  |____| .__|_| |_|_| |_\__, | / / / /
 =========|_|==============|___/=/_/_/_/

 :: Spring Boot ::                (v3.3.8)

2026-01-28 15:44:18 - Starting ChatControllerTest using Java 21.0.9 with PID 139568 (started by admin in C:\Users\admin\Desktop\my-spring-ollama-dubbo)
2026-01-28 15:44:18 - No active profile set, falling back to 1 default profile: "default"
2026-01-28 15:44:18 -  [DUBBO] Dubbo Framework[1] is created, dubbo version: 3.2.9, current host: 192.168.1.11
2026-01-28 15:44:18 -  [DUBBO] Creating global shared handler ..., dubbo version: 3.2.9, current host: 192.168.1.11
2026-01-28 15:44:18 -  [DUBBO] Dubbo Application[1.0](unknown) is created, dubbo version: 3.2.9, current host: 192.168.1.11
2026-01-28 15:44:18 -  [DUBBO] Dubbo Module[1.0.0] is created, dubbo version: 3.2.9, current host: 192.168.1.11
2026-01-28 15:44:18 -  [DUBBO] Config settings: {dubbo.config.mode=STRICT, dubbo.config.ignore-duplicated-interface=false}, dubbo version: 3.2.9, current host: 192.168.1.11
2026-01-28 15:44:18 -  [DUBBO] Config settings: {dubbo.config.mode=STRICT, dubbo.config.ignore-duplicated-interface=false}, dubbo version: 3.2.9, current host: 192.168.1.11
2026-01-28 15:44:18 -  [DUBBO] Serialize check serializable: true, dubbo version: 3.2.9, current host: 192.168.1.11
2026-01-28 15:44:18 -  [DUBBO] Read serialize allow list from jar:file:/C:/Users/admin/.m2/repository/org/apache/dubbo/dubbo/3.2.9/dubbo-3.2.9.jar!/security/serialize.allowlist, dubbo version: 3.2.9, current host: 192.168.1.11
2026-01-28 15:44:18 -  [DUBBO] Read serialize blocked list from jar:file:/C:/Users/admin/.m2/repository/org/apache/dubbo/dubbo/3.2.9/dubbo-3.2.9.jar!/security/serialize.blockedlist, dubbo version: 3.2.9, current host: 192.168.1.11
2026-01-28 15:44:18 -  [DUBBO] Dubbo Application[1.1](unknown) is created, dubbo version: 3.2.9, current host: 192.168.1.11
2026-01-28 15:44:18 -  [DUBBO] Dubbo Module[1.1.0] is created, dubbo version: 3.2.9, current host: 192.168.1.11
2026-01-28 15:44:18 -  [DUBBO] Config settings: {dubbo.config.mode=STRICT, dubbo.config.ignore-duplicated-interface=false}, dubbo version: 3.2.9, current host: 192.168.1.11
2026-01-28 15:44:18 -  [DUBBO] Config settings: {dubbo.config.mode=STRICT, dubbo.config.ignore-duplicated-interface=false}, dubbo version: 3.2.9, current host: 192.168.1.11
2026-01-28 15:44:18 -  [DUBBO] Read serialize allow list from jar:file:/C:/Users/admin/.m2/repository/org/apache/dubbo/dubbo/3.2.9/dubbo-3.2.9.jar!/security/serialize.allowlist, dubbo version: 3.2.9, current host: 192.168.1.11
2026-01-28 15:44:18 -  [DUBBO] Read serialize blocked list from jar:file:/C:/Users/admin/.m2/repository/org/apache/dubbo/dubbo/3.2.9/dubbo-3.2.9.jar!/security/serialize.blockedlist, dubbo version: 3.2.9, current host: 192.168.1.11
2026-01-28 15:44:18 -  [DUBBO] Use default application: Dubbo Application[1.1](unknown), dubbo version: 3.2.9, current host: 192.168.1.11
2026-01-28 15:44:18 -  [DUBBO] Dubbo Module[1.1.1] is created, dubbo version: 3.2.9, current host: 192.168.1.11
2026-01-28 15:44:18 -  [DUBBO] Config settings: {dubbo.config.mode=STRICT, dubbo.config.ignore-duplicated-interface=false}, dubbo version: 3.2.9, current host: 192.168.1.11
2026-01-28 15:44:18 -  [DUBBO] Read serialize allow list from jar:file:/C:/Users/admin/.m2/repository/org/apache/dubbo/dubbo/3.2.9/dubbo-3.2.9.jar!/security/serialize.allowlist, dubbo version: 3.2.9, current host: 192.168.1.11
2026-01-28 15:44:18 -  [DUBBO] Read serialize blocked list from jar:file:/C:/Users/admin/.m2/repository/org/apache/dubbo/dubbo/3.2.9/dubbo-3.2.9.jar!/security/serialize.blockedlist, dubbo version: 3.2.9, current host: 192.168.1.11
2026-01-28 15:44:18 -  [DUBBO] Use default module model of target application: Dubbo Module[1.1.1], dubbo version: 3.2.9, current host: 192.168.1.11
2026-01-28 15:44:18 -  [DUBBO] Bind Dubbo Module[1.1.1] to spring container: org.springframework.beans.factory.support.DefaultListableBeanFactory@3f93e4a8, dubbo version: 3.2.9, current host: 192.168.1.11
2026-01-28 15:44:18 -  [DUBBO] BeanNameGenerator bean can't be found in BeanFactory with name [org.springframework.context.annotation.internalConfigurationBeanNameGenerator], dubbo version: 3.2.9, current host: 192.168.1.11
2026-01-28 15:44:18 -  [DUBBO] BeanNameGenerator will be a instance of org.springframework.context.annotation.AnnotationBeanNameGenerator , it maybe a potential problem on bean name generation., dubbo version: 3.2.9, current host: 192.168.1.11
2026-01-28 15:44:18 -  [DUBBO] Found 2 classes annotated by Dubbo @Service under package [com.example]: [com.example.dubbo.ChatServiceImpl, com.example.service.impl.OllamaServiceImpl], dubbo version: 3.2.9, current host: 192.168.1.11
2026-01-28 15:44:18 -  [DUBBO] Register ServiceBean[ServiceBean:com.example.dubbo.ChatService:1.0.0:]: Root bean: class [org.apache.dubbo.config.spring.ServiceBean]; scope=; abstract=false; lazyInit=null; autowireMode=3; dependencyCheck=0; autowireCandidate=true; primary=false; factoryBeanName=null; factoryMethodName=null; initMethodNames=null; destroyMethodNames=null, dubbo version: 3.2.9, current host: 192.168.1.11
2026-01-28 15:44:18 -  [DUBBO] Register ServiceBean[ServiceBean:com.example.service.OllamaService:1.0.0:]: Root bean: class [org.apache.dubbo.config.spring.ServiceBean]; scope=; abstract=false; lazyInit=null; autowireMode=3; dependencyCheck=0; autowireCandidate=true; primary=false; factoryBeanName=null; factoryMethodName=null; initMethodNames=null; destroyMethodNames=null, dubbo version: 3.2.9, current host: 192.168.1.11
2026-01-28 15:44:18 -  [DUBBO] BeanNameGenerator bean can't be found in BeanFactory with name [org.springframework.context.annotation.internalConfigurationBeanNameGenerator], dubbo version: 3.2.9, current host: 192.168.1.11
2026-01-28 15:44:18 -  [DUBBO] BeanNameGenerator will be a instance of org.springframework.context.annotation.AnnotationBeanNameGenerator , it maybe a potential problem on bean name generation., dubbo version: 3.2.9, current host: 192.168.1.11
2026-01-28 15:44:18 -  [DUBBO] Ignore package who has already bean scanned: com.example.dubbo, dubbo version: 3.2.9, current host: 192.168.1.11
2026-01-28 15:44:18 - Cannot enhance @Configuration bean definition 'org.apache.dubbo.spring.boot.autoconfigure.DubboRelaxedBinding2AutoConfiguration' since its singleton instance has been created too early. The typical cause is a non-static @Bean method with a BeanDefinitionRegistryPostProcessor return type: Consider declaring such methods as 'static' and/or marking the containing configuration class as 'proxyBeanMethods=false'.
2026-01-28 15:44:18 - Cannot enhance @Configuration bean definition 'org.apache.dubbo.spring.boot.autoconfigure.DubboAutoConfiguration' since its singleton instance has been created too early. The typical cause is a non-static @Bean method with a BeanDefinitionRegistryPostProcessor return type: Consider declaring such methods as 'static' and/or marking the containing configuration class as 'proxyBeanMethods=false'.
2026-01-28 15:44:19 -  [DUBBO] Register dubbo reference bean: chatService = ReferenceBean:com.example.dubbo.ChatService:1.0.0(check=false) at private com.example.dubbo.ChatService com.example.controller.ChatController.chatService, dubbo version: 3.2.9, current host: 192.168.1.11
2026-01-28 15:44:19 -  [DUBBO] Register dubbo reference bean: ollamaService = ReferenceBean:com.example.service.OllamaService:1.0.0(check=false) at private com.example.service.OllamaService com.example.dubbo.ChatServiceImpl.ollamaService, dubbo version: 3.2.9, current host: 192.168.1.11
2026-01-28 15:44:19 -  [DUBBO] class org.apache.dubbo.config.spring.beans.factory.annotation.ReferenceAnnotationBeanPostProcessor was destroying!, dubbo version: 3.2.9, current host: 192.168.1.11
2026-01-28 15:44:19 -  [DUBBO] loading dubbo config beans ..., dubbo version: 3.2.9, current host: 192.168.1.11
2026-01-28 15:44:19 -  [DUBBO] dubbo config beans are loaded., dubbo version: 3.2.9, current host: 192.168.1.11
2026-01-28 15:44:19 -  [DUBBO] No value is configured in the registry, the DynamicConfigurationFactory extension[name : null] does not support as the config center, dubbo version: 3.2.9, current host: 192.168.1.11
2026-01-28 15:44:19 -  [DUBBO] The registry[<dubbo:registry port="0" address="N/A" />] will be not used as the config center, dubbo version: 3.2.9, current host: 192.168.1.11
2026-01-28 15:44:19 -  [DUBBO] The current configurations or effective configurations are as follows:, dubbo version: 3.2.9, current host: 192.168.1.11
2026-01-28 15:44:19 -  [DUBBO] <dubbo:application enableFileCache="true" executorManagementMode="isolation" parameters="{}" name="ollama-dubbo-provider" protocol="dubbo" />, dubbo version: 3.2.9, current host: 192.168.1.11
2026-01-28 15:44:19 -  [DUBBO] <dubbo:protocol preferSerialization="fastjson2,hessian2" port="20880" name="dubbo" />, dubbo version: 3.2.9, current host: 192.168.1.11
2026-01-28 15:44:19 -  [DUBBO] <dubbo:registry port="0" address="N/A" />, dubbo version: 3.2.9, current host: 192.168.1.11
2026-01-28 15:44:19 -  [DUBBO] <dubbo:ssl />, dubbo version: 3.2.9, current host: 192.168.1.11
2026-01-28 15:44:19 -  [DUBBO] Dubbo Module[1.1.0] has been initialized!, dubbo version: 3.2.9, current host: 192.168.1.11
2026-01-28 15:44:19 -  [DUBBO] Dubbo Module[1.1.1] has been initialized!, dubbo version: 3.2.9, current host: 192.168.1.11
2026-01-28 15:44:19 -  [DUBBO] No value is configured in the registry, the MetadataReportFactory extension[name : null] does not support as the metadata center, dubbo version: 3.2.9, current host: 192.168.1.11
2026-01-28 15:44:19 -  [DUBBO] The registry[<dubbo:registry port="0" address="N/A" />] will be not used as the metadata center, dubbo version: 3.2.9, current host: 192.168.1.11
2026-01-28 15:44:19 -  [DUBBO] Dubbo Application[1.1](ollama-dubbo-provider) has been initialized!, dubbo version: 3.2.9, current host: 192.168.1.11
2026-01-28 15:44:19 -  [DUBBO] The configBean[type:ReferenceConfig<com.example.dubbo.ChatService>] has been built., dubbo version: 3.2.9, current host: 192.168.1.11
2026-01-28 15:44:19 -  [DUBBO] The configBean[type:ReferenceConfig<com.example.service.OllamaService>] has been built., dubbo version: 3.2.9, current host: 192.168.1.11
2026-01-28 15:44:19 -  [DUBBO] Dubbo Module[1.1.1] is starting., dubbo version: 3.2.9, current host: 192.168.1.11
2026-01-28 15:44:19 -  [DUBBO] Dubbo Application[1.1](ollama-dubbo-provider) is starting., dubbo version: 3.2.9, current host: 192.168.1.11
2026-01-28 15:44:20 -  [DUBBO] qos-server bind localhost:22222, dubbo version: 3.2.9, current host: 192.168.1.11
2026-01-28 15:44:20 -  [DUBBO] Export dubbo service com.example.service.OllamaService to local registry url : injvm://127.0.0.1/com.example.service.OllamaService?anyhost=true&application=ollama-dubbo-provider&background=false&bind.ip=192.168.1.11&bind.port=20880&deprecated=false&dubbo=2.0.2&dynamic=true&executor-management-mode=isolation&exporter.listener=injvm&file-cache=true&generic=false&interface=com.example.service.OllamaService&ipv6=2409:8a55:2e41:ef00:f519:c29a:c8d:2214&methods=chat&pid=139568&prefer.serialization=fastjson2,hessian2&release=3.2.9&revision=1.0.0&side=provider&timeout=30000&timestamp=1769586259907&version=1.0.0, dubbo version: 3.2.9, current host: 192.168.1.11
2026-01-28 15:44:20 -  [DUBBO] Export dubbo service com.example.service.OllamaService to url dubbo://192.168.1.11:20880/com.example.service.OllamaService?anyhost=true&application=ollama-dubbo-provider&background=false&bind.ip=192.168.1.11&bind.port=20880&deprecated=false&dubbo=2.0.2&dynamic=true&executor-management-mode=isolation&file-cache=true&generic=false&interface=com.example.service.OllamaService&ipv6=2409:8a55:2e41:ef00:f519:c29a:c8d:2214&methods=chat&pid=139568&prefer.serialization=fastjson2,hessian2&release=3.2.9&revision=1.0.0&side=provider&timeout=30000&timestamp=1769586259907&version=1.0.0, dubbo version: 3.2.9, current host: 192.168.1.11
2026-01-28 15:44:20 -  [DUBBO] Start NettyServer bind /0.0.0.0:20880, export /192.168.1.11:20880, dubbo version: 3.2.9, current host: 192.168.1.11
2026-01-28 15:44:20 -  [DUBBO] Remote Metadata Report Server is not provided or unavailable, will stop registering service definition to remote center!, dubbo version: 3.2.9, current host: 192.168.1.11, error code: 1-39. This may be caused by , go to https://dubbo.apache.org/faq/1/39 to find instructions. 
2026-01-28 15:44:20 -  [DUBBO] Export dubbo service com.example.dubbo.ChatService to local registry url : injvm://127.0.0.1/com.example.dubbo.ChatService?anyhost=true&application=ollama-dubbo-provider&background=false&bind.ip=192.168.1.11&bind.port=20880&deprecated=false&dubbo=2.0.2&dynamic=true&executor-management-mode=isolation&exporter.listener=injvm&file-cache=true&generic=false&interface=com.example.dubbo.ChatService&ipv6=2409:8a55:2e41:ef00:f519:c29a:c8d:2214&methods=chat&pid=139568&prefer.serialization=fastjson2,hessian2&release=3.2.9&revision=1.0.0&side=provider&timeout=30000&timestamp=1769586260183&version=1.0.0, dubbo version: 3.2.9, current host: 192.168.1.11
2026-01-28 15:44:20 -  [DUBBO] Export dubbo service com.example.dubbo.ChatService to url dubbo://192.168.1.11:20880/com.example.dubbo.ChatService?anyhost=true&application=ollama-dubbo-provider&background=false&bind.ip=192.168.1.11&bind.port=20880&deprecated=false&dubbo=2.0.2&dynamic=true&executor-management-mode=isolation&file-cache=true&generic=false&interface=com.example.dubbo.ChatService&ipv6=2409:8a55:2e41:ef00:f519:c29a:c8d:2214&methods=chat&pid=139568&prefer.serialization=fastjson2,hessian2&release=3.2.9&revision=1.0.0&side=provider&timeout=30000&timestamp=1769586260183&version=1.0.0, dubbo version: 3.2.9, current host: 192.168.1.11
2026-01-28 15:44:20 -  [DUBBO] Remote Metadata Report Server is not provided or unavailable, will stop registering service definition to remote center!, dubbo version: 3.2.9, current host: 192.168.1.11, error code: 1-39. This may be caused by , go to https://dubbo.apache.org/faq/1/39 to find instructions. 
2026-01-28 15:44:20 -  [DUBBO] Dubbo Module[1.1.0] is starting., dubbo version: 3.2.9, current host: 192.168.1.11
2026-01-28 15:44:20 -  [DUBBO] Dubbo Module[1.1.0] has started., dubbo version: 3.2.9, current host: 192.168.1.11
2026-01-28 15:44:20 -  [DUBBO] Referred dubbo service: [com.example.dubbo.ChatService]. it's not GenericService reference, dubbo version: 3.2.9, current host: 192.168.1.11
2026-01-28 15:44:20 -  [DUBBO] Remote Metadata Report Server is not provided or unavailable, will stop registering service definition to remote center!, dubbo version: 3.2.9, current host: 192.168.1.11, error code: 1-39. This may be caused by , go to https://dubbo.apache.org/faq/1/39 to find instructions. 
2026-01-28 15:44:20 -  [DUBBO] Referred dubbo service: [com.example.service.OllamaService]. it's not GenericService reference, dubbo version: 3.2.9, current host: 192.168.1.11
2026-01-28 15:44:20 -  [DUBBO] Remote Metadata Report Server is not provided or unavailable, will stop registering service definition to remote center!, dubbo version: 3.2.9, current host: 192.168.1.11, error code: 1-39. This may be caused by , go to https://dubbo.apache.org/faq/1/39 to find instructions. 
2026-01-28 15:44:20 -  [DUBBO] Dubbo Module[1.1.1] has started., dubbo version: 3.2.9, current host: 192.168.1.11
2026-01-28 15:44:20 -  [DUBBO] The MetricsConfig not exist, will not export metrics service., dubbo version: 3.2.9, current host: 192.168.1.11
2026-01-28 15:44:20 -  [DUBBO] org.apache.dubbo.metadata.MetadataServiceService Port hasn't been set will use default protocol defined in protocols., dubbo version: 3.2.9, current host: 192.168.1.11
2026-01-28 15:44:20 -  [DUBBO] Using dubbo protocol to export org.apache.dubbo.metadata.MetadataService service on port 20880, dubbo version: 3.2.9, current host: 192.168.1.11
2026-01-28 15:44:20 -  [DUBBO] Export dubbo service org.apache.dubbo.metadata.MetadataService to local registry url : injvm://127.0.0.1/org.apache.dubbo.metadata.MetadataService?anyhost=true&application=ollama-dubbo-provider&background=false&bind.ip=192.168.1.11&bind.port=20880&delay=0&deprecated=false&dubbo=2.0.2&dynamic=true&executor-management-mode=isolation&exporter.listener=injvm&file-cache=true&generic=false&getAndListenInstanceMetadata.1.callback=true&getAndListenInstanceMetadata.return=true&getAndListenInstanceMetadata.sent=true&group=ollama-dubbo-provider&interface=org.apache.dubbo.metadata.MetadataService&ipv6=2409:8a55:2e41:ef00:f519:c29a:c8d:2214&methods=exportInstanceMetadata,getAndListenInstanceMetadata,getExportedServiceURLs,getExportedURLs,getInstanceMetadataChangedListenerMap,getMetadataInfo,getMetadataInfos,getMetadataURL,getServiceDefinition,getSubscribedURLs,isMetadataService,serviceName,toSortedStrings,version&pid=139568&prefer.serialization=fastjson2,hessian2&register=false&release=3.2.9&revision=3.2.9&service.filter=-default&side=provider&timestamp=1769586260243&version=1.0.0, dubbo version: 3.2.9, current host: 192.168.1.11
2026-01-28 15:44:20 -  [DUBBO] Export dubbo service org.apache.dubbo.metadata.MetadataService to url dubbo://192.168.1.11:20880/org.apache.dubbo.metadata.MetadataService?anyhost=true&application=ollama-dubbo-provider&background=false&bind.ip=192.168.1.11&bind.port=20880&delay=0&deprecated=false&dubbo=2.0.2&dynamic=true&executor-management-mode=isolation&file-cache=true&generic=false&getAndListenInstanceMetadata.1.callback=true&getAndListenInstanceMetadata.return=true&getAndListenInstanceMetadata.sent=true&group=ollama-dubbo-provider&interface=org.apache.dubbo.metadata.MetadataService&ipv6=2409:8a55:2e41:ef00:f519:c29a:c8d:2214&methods=exportInstanceMetadata,getAndListenInstanceMetadata,getExportedServiceURLs,getExportedURLs,getInstanceMetadataChangedListenerMap,getMetadataInfo,getMetadataInfos,getMetadataURL,getServiceDefinition,getSubscribedURLs,isMetadataService,serviceName,toSortedStrings,version&pid=139568&prefer.serialization=fastjson2,hessian2&register=false&release=3.2.9&revision=3.2.9&service.filter=-default&side=provider&timestamp=1769586260243&version=1.0.0, dubbo version: 3.2.9, current host: 192.168.1.11
2026-01-28 15:44:20 -  [DUBBO] The MetadataService exports urls : [dubbo://192.168.1.11:20880/org.apache.dubbo.metadata.MetadataService?anyhost=true&application=ollama-dubbo-provider&background=false&bind.ip=192.168.1.11&bind.port=20880&delay=0&deprecated=false&dubbo=2.0.2&dynamic=true&executor-management-mode=isolation&file-cache=true&generic=false&getAndListenInstanceMetadata.1.callback=true&getAndListenInstanceMetadata.return=true&getAndListenInstanceMetadata.sent=true&group=ollama-dubbo-provider&interface=org.apache.dubbo.metadata.MetadataService&ipv6=2409:8a55:2e41:ef00:f519:c29a:c8d:2214&methods=exportInstanceMetadata,getAndListenInstanceMetadata,getExportedServiceURLs,getExportedURLs,getInstanceMetadataChangedListenerMap,getMetadataInfo,getMetadataInfos,getMetadataURL,getServiceDefinition,getSubscribedURLs,isMetadataService,serviceName,toSortedStrings,version&pid=139568&prefer.serialization=fastjson2,hessian2&register=false&release=3.2.9&revision=3.2.9&service.filter=-default&side=provider&timestamp=1769586260243&version=1.0.0], dubbo version: 3.2.9, current host: 192.168.1.11
2026-01-28 15:44:20 -  [DUBBO] Start registering instance address to registry., dubbo version: 3.2.9, current host: 192.168.1.11
2026-01-28 15:44:20 -  [DUBBO] Dubbo Application[1.1](ollama-dubbo-provider) is ready., dubbo version: 3.2.9, current host: 192.168.1.11
2026-01-28 15:44:20 - Started ChatControllerTest in 2.387 seconds (process running for 3.422)
Chat response: 我是阿里云（Alyosha）的超文本模型，也叫做通义千问。我由阿里云团队在2019年8月推出，主要为用户提供通用知识、智能问答和对话等服务。如果您有任何问题或需要帮助，请随时告诉我！
]]></system-out>
    <system-err><![CDATA[WARNING: A Java agent has been loaded dynamically (C:\Users\admin\.m2\repository\net\bytebuddy\byte-buddy-agent\1.14.12\byte-buddy-agent-1.14.12.jar)
WARNING: If a serviceability tool is in use, please run with -XX:+EnableDynamicAgentLoading to hide this warning
WARNING: If a serviceability tool is not in use, please run with -Djdk.instrument.traceUsage for more information
WARNING: Dynamic loading of agents will be disallowed by default in a future release
]]></system-err>
  </testcase>
</testsuite>